十二月 03, 2020 3:43:01 下午 io.github.yedaxia.apidocs.LogUtils info
信息: info: find java src paths:  [D:\workSpace\springBootBase\src\main\java\]
十二月 03, 2020 3:43:01 下午 io.github.yedaxia.apidocs.LogUtils info
信息: info: project type not set, try to figure out...
十二月 03, 2020 3:43:01 下午 io.github.yedaxia.apidocs.LogUtils info
信息: info: start find controllers in path : D:\workSpace\springBootBase\src\main\java\
十二月 03, 2020 3:43:02 下午 io.github.yedaxia.apidocs.LogUtils info
信息: info: find controller file : TestController.java
十二月 03, 2020 3:43:02 下午 io.github.yedaxia.apidocs.LogUtils info
信息: info: find controller file : UserController.java
十二月 03, 2020 3:43:02 下午 io.github.yedaxia.apidocs.LogUtils info
信息: info: start to parse controller file : TestController.java
十二月 03, 2020 3:43:02 下午 io.github.yedaxia.apidocs.LogUtils info
信息: info: success to parse controller file : TestController.java
十二月 03, 2020 3:43:02 下午 io.github.yedaxia.apidocs.LogUtils info
信息: info: start to parse controller file : UserController.java
十二月 03, 2020 3:43:02 下午 io.github.yedaxia.apidocs.LogUtils info
信息: info: success to parse controller file : UserController.java
十二月 03, 2020 3:43:02 下午 io.github.yedaxia.apidocs.LogUtils info
信息: info: generate api docs start...
十二月 03, 2020 3:43:02 下午 io.github.yedaxia.apidocs.LogUtils info
信息: info: start to generate docs for controller file : D:\workSpace\springBootBase\src\main\java\com\base\controller\TestController.java
十二月 03, 2020 3:43:03 下午 io.github.yedaxia.apidocs.LogUtils info
信息: info: success to generate docs for controller file : D:\workSpace\springBootBase\src\main\java\com\base\controller\TestController.java
十二月 03, 2020 3:43:03 下午 io.github.yedaxia.apidocs.LogUtils info
信息: info: start to generate docs for controller file : D:\workSpace\springBootBase\src\main\java\com\base\controller\UserController.java
十二月 03, 2020 3:43:03 下午 io.github.yedaxia.apidocs.LogUtils info
信息: info: success to generate docs for controller file : D:\workSpace\springBootBase\src\main\java\com\base\controller\UserController.java
十二月 03, 2020 3:43:03 下午 io.github.yedaxia.apidocs.LogUtils info
信息: info: generate index start !!!
十二月 03, 2020 3:43:03 下午 io.github.yedaxia.apidocs.LogUtils info
信息: info: generate index done !!!
十二月 03, 2020 3:43:03 下午 io.github.yedaxia.apidocs.LogUtils info
信息: info: generate api docs done !!!
